<response>
    <header>
        <resultCode>00</resultCode>
        <resultMsg>NORMAL SERVICE.</resultMsg>
    </header>
    <body>
        <items>
            <item>
                <거래금액> 110,500</거래금액>
                <거래유형>중개거래</거래유형>
                <건축년도>1994</건축년도>
                <년>2022</년>
                <법정동> 분당동</법정동>
                <아파트>장안타운(건영)</아파트>
                <월>1</월>
                <일>12</일>
                <전용면적>85</전용면적>
                <중개사소재지>경기 성남분당구</중개사소재지>
                <지번>66</지번>
                <지역코드>41135</지역코드>
                <층>5</층>
                <해제사유발생일> </해제사유발생일>
                <해제여부> </해제여부>
            </item>
            <item>
                <거래금액> 136,000</거래금액>
                <거래유형>중개거래</거래유형>
                <건축년도>1993</건축년도>
                <년>2022</년>
                <법정동> 수내동</법정동>
                <아파트>파크타운(서안)</아파트>
                <월>1</월>
                <일>3</일>
                <전용면적>84.78</전용면적>
                <중개사소재지>경기 성남분당구</중개사소재지>
                <지번>52</지번>
                <지역코드>41135</지역코드>
                <층>7</층>
                <해제사유발생일> </해제사유발생일>
                <해제여부> </해제여부>
            </item>
            <item>
                <거래금액> 92,000</거래금액>
                <거래유형>중개거래</거래유형>
                <건축년도>1992</건축년도>
                <년>2022</년>
                <법정동> 수내동</법정동>
                <아파트>푸른마을(신성)</아파트>
                <월>1</월>
                <일>5</일>
                <전용면적>59.78</전용면적>
                <중개사소재지>경기 성남분당구</중개사소재지>
                <지번>73</지번>
                <지역코드>41135</지역코드>
                <층>1</층>
                <해제사유발생일> </해제사유발생일>
                <해제여부> </해제여부>
            </item>
        </items>
        <numOfRows>1</numOfRows>
        <pageNo>1</pageNo>
        <totalCount>1</totalCount>
    </body>
</response>